[  0.000 Inialing cgrupubsys cpuset
[   .00000Intialin cgupsubs u
[   000000]Intializig roup subs puact[    00000]Lix veio 44.36-gnec (blddlcy001 (gc vsion.4 2010609 (Ubnt 54.6uuntu1604.2)  #-Ubuntu SMP Thu Aug 11 18:01:55 TC01 (Ubtu4.4.06.5-geneic.4.16)
[  00000] Command line BOOIME=/boo/vinz-4.0-6-generic root=UUID4f162684-4f-ba-3cf490c6e9e1 ro conolett1 coolttyS
[   00000] KRN suppte cpu
    0.0000   Intel GenuineIntel    000000]   MD thticAMD    0.0000]  Cntr entaHals
[   0.000]---------[ cuhere ---------
[    0.000000] WARNINGCPU: 0 PID: 0 at /build/linux-a2WvEblinux-4.4.0/arch/x86/kernel/fpu/xstate.c:517 fpu__init_system_xstate+0x38b/0x75a()
[    0.000000] XSAVE consistency problem, dumping leaves
[    0.000000] Modules linked in:
[    0.000000] CPU:0 PID: 0Comm: swapperNotant 4.0-3-gneric #55-Ubutu
[    0.000000]  0000000000000086 ea629815fb69e694 ffffffff81e03d80 ffffffff813f13b3
[    0.000000]  ffffffff81e03dc8 ffffffff81ca28b0 ffffffff81038 ffffffff810810f
   0000000]  ffffffff81e03e48 fffffff81e03e4c 0000000000000008 0000000000000100
[   0.000]Call Trace
   0.00000 [<ffffffff813f13b3>] dump_stack+0x63/0x90
[    0.000000]  [<ffffffff810810f2>] warn_sowth_common+0x82/0xc0
[    0.000000]  [<ffffffff8108118c>] warn_slowpath_fmt+0x5c/0x80
[    0.000000]  [<ffffffff8107cec0>] ? xfeature_size+0x59/0x77
[    0.000000]  [<ffffffff6af03>] fpu__init_system_xstate+0x38b/0x75a
[    0.000000]  [fffff81fa10>] ? early_idt_handler_array+0x120/0x120
[    0.000000]  [<ffffffff81f6a86e>] fpu__init_system+0x10d/0x245
[    0.000000]  [<ffffffff81f6b977>] early_cpu_init+0x139/0x13e
[    0.000000  [<ffff81fb97>] ? early_cp_iit+0x139/0x13e
[    0.000000]  [<ffffffff81f66e46>] setup_arch+0xb40xe
[    0.000000]  [<ffffffff81f5a120>] ? early_idt_handler_array+0x120/0x120
[    0.0000  <fffffff81f5ac74>] start_kernel+0xe4/0x4a2
[    0.000000]  [<ffffffff81a120>] ?ealyidt_hale_array+0x120/0x120
[    0.000000]  [<ffffffff81f5a339>] x86_64_start_reservios+0x2a/0x2c
[    0.000000 [<ffffffff81f5a485>] x8664tart_krnl+0x14a/0x16d
[    0.000000] ---[ endtre 4d5ff9f2f68c4233 --
[   00000] CPUID[0d, 00]:ea=000007bx00000440 ecx=00000440 edx=00000000
[    0.000000] CUID[0d, 01]: eax=00000000 ebx=000003c0 ecx=00000000 edx=00000000
[    0.000000] CPUID[0d, 02]: eax=00000100 ebx=00000240 ecx=00000000 edx=00000000
[    0.000000] CPUID[0d, 03]: eax=00000000 ebx=000000000 ecx=00000000 edx=00000000
[    0.000000] CPUID[0d, 04]: x=000000bx=00000000 ecx=00000000 edx=00000000
[    0.000000] CPUID[0d, 05]: eax=00000000 ebx=00000000 ecx=00000000 edx=00000000
[    0.000000] CPUID[0d, 06]: eax=00000000 ebx=00000000 ecx=00000000 edx=00000000
[    0.000000] CPUID[0d, 07]: eax=00000000 ebx=00000000 ecx=00000000 edx=00000000
[    0.000000] CPUID[0d, 08]: eax=00000000 ebx=00000000 ecx=00000000 edx=00000000
[   0.0000] CPUD[0d, 09]: eax=00000000 ebx=00000000 ecx=00000000 edx=00000000
[   0.000000] CPID[0, ]:eax=00000000 ebx=00000000 ecx=00000000 edx=00000000
[    0.000000] CPUID[0d, 0b]: eax=00000000 ebx=0000000 ecx=00000000 edx=00000000
[  0.000000] CPUID[0d, 0c]: eax=00000000 ebx=00000000 ecx=00000000 edx=00000000
[    0.000000] CPUID[0d, 0d]: eax=00000000 ebx=000000000 ecx=00000000 dx000000
[  0.000] PUID[d,e]: eax=00000000 ebx=00000000 ecx=00000000 edx=00000000
[   0.0000 CID0d, ]:eax=00000000 ebx=00000000 cx000000 dx=00000000
[    0.000000] CPUID[0d 10: ax=0000000bx00000 ex=00000000 edx=00000000
[    0.000000] CPUID[0d, 11]: eax=0000000bx00000 ecx=00000000 edx=00000000
[    0.000000] x86/fpu: xstat_ose[2]:  576, xstate_sizes[2]:  256
[    0.000000] x86/fpu: Supporting XSAVE feature 0x1:x8 foang point registers'
[    0.000000] x86/fpu Supporting XSAVE feature 0x02: 'SSE registers'
[    0.000000] x86/fpu: Suppoorting XSAVE feature 0x04: 'AVX registers'
[    0.000000] x86/fpu: Enabled xstate features 0x7, context size is 1088 bytes, using 'standa' rmat
   0.00000x86/fpu: Using 'lazy'FP cntexswtche.
   0.000000] e820: BIOS-provided physical RAM map:
[    0.000000] BIOS-e820: [mem 0x0000000000000000-0x000000000009fbff] uab
[   0.0000] OS820: [mem 0x000000000009fc00-0x000000000009ffff] reserved
[    0.000000] BIOS-e820: [mem 0x00000000000f0000-0x00000000000fffff] reserved
[    0.000000] BIOS-e820: [mem 0x0000000000100000-0x000000003ffeffff] usable
[    0.000000] BIOS-e820: [mem 0x000000003fff0000-0x000000003fffffff] ACPI data
[    0.000000] BIOS-e820: [mem 0x00000000fec00000-0x00000000fec00fff] reserved
[    0.000000] BIOS-e820: [mem 0x00000000fee00000-0x00000000fee00fff] reserved
[    0.000000] BIOS-e820: [mem 0x00000000fffc0000-0x00000000ffffffff] reserved
[    0.000000] NX (Execute Disable) protection: active
[    0.000000] SMBIOS 2.5 present.
[    0.000000] Hypervisor detectd:VM
  0.00000] e820: last_pfn = x3f0max_rcpfn = 0x400000000
[    0.000000] x86/PAT: Configuration [0-7]: WB  WC  UC- UC  WB  WC  UC- WT  
[    0.000000] MTRR: Disabled
[    0.000000] CPU MTRRs all blank - virtualized system.
[    0.000000] found SMP MP-table t em 000fff00x09fff]mapped at [ffff88000009fff0]
[    0.000000] Scanning 1 areas for low memory corruption
[    0.000000] RAMDISK: [mem 0x36b2a000-0x3758cfff]
[    0.000000] ACPI: Early table checksum verification disabled
[    0.000000] ACPI: RSDP 0x00000000000E0000 000024 (v02 VBOX  )
[    .00000] ACPI: XSDT 0x000000003FFF0030 00003C (v01 VBOX   VBOXXSDT 00000001 ASL  00000061)
[    0.000000] ACPI: FACP 0x000000003FFF00F0 00F(v04 VBOX   VBOXFACP 00000001 ASL  00000061)
[    0.000000] ACPI: DSDT 0x000000003FFF0470 00210F (v01 VBOX   VBOXBOS000002NTL 20100528)
[    0.000000] ACPI:FA 0000000003FFF0200 000040[  0.000] ACPI: FACS 0x000000003FFF0200 000040
[    0.000000] ACPI: APIC 0x0000000FF240 00005C (v02 VBOX   VBOXAPIC 00000001 ASL  00000061)
[    0.000000] ACPI: SSDTx0000003FFF02A0 0001CC (v01 VBOX   VBOXCPUT 00000002 INTL 2010052)[   0.0000] No NUMA configuation found
[    0.000000] Faking a node at [mem 0x00000000000000-00000003ffeffff]
[  0000000] NODE_DATA(0) allocated [mem 0x3ffeb000-0x3ffefff][   0.000000] kvm-clock: Using msrs 4b564d01 and 4b564d00
[    0.000000] kvm-clock cu , ms 0:fe7001, primary cpu clock
[    0.000000] kvm-clock: using sched offset of 3246402175 cycles
[    0.000000] clocksource: kvm-clock: mask: 0xffffffffffffffff max_cycles: 0x1cd42e4dffb, max_idle_ns: 881590913 s
[    0.000000] Zone ans:
[  00000] DMA      [mem 0x000000000000100-0x0000000ffff][   0.000]   DMA32    [mem 0x00000000011000000-0x000000003ffeffff]
[    0.000000]   Normal   empty
[    0.000000]   Device   empty
[    0.000000] Movable zone start for each node
[    0.000000] Early memory node ranges
[    0.000000]   node   0: [mem 0x0000000000001000-0x000000000009efff]
[    0.000000]   node   0: [mem 0x0000000000100000-0x000000003ffeffff]
[    0.000000] Initmem setup node 0 [mem 0x0000000000001000-0x000000003ffeffff]
[    0.000000] ACPI: PM-Timer IO Port: 0x4008
[    0.000000] IOAPIC[0]: apic_id 2, version 32, address 0xfec00000, GSI 0-23
[    0.000000] ACPI: INT_SRC_OVR (bus 0 bus_irq 0 global_irq 2 dfl dfl)
[    0.000000] ACPI: INT_SRC_OVR (bus 0 bus_irq 9 global_irq 9 high level)
[    0.000000] Using ACPI (MADT) for SMP configuration information
[    0.000000] smpboot: Allowing 2 CPUs, 0 hotplug CPUs
[    0.000000] PM: Reisred osveemor: em0x00000000-0x0000ff
[    0000] PM: Registered nosave memory: [mem 0x0009f000-0x0009fff]
[    0.000000] PM: Registered nsave memory: [mem 0x000a0000-0x000effff]
[    0.000000] PM: Registered nosave memory: [mem 0x000f0000-0x000fffff]
[    0.000000] e820: [mem 0x40000000-0xfebffff]avilblfo PC dvis
[  0.000000] Booting paravirtualized kernel on KVM
[    0.000000] clocksource: refined-jiffies: mask: xfffffmax_cycles: 0xffffffff, max_idl_ns: 7645519600211568 n
   0.000] setu_pcpu:NRPUS:6 _cpumak_ts:26 _cpu_is:2 nr_node_ids:1
[    0.000000] PERCPU: Embedded 33 pages/cpu @ffff88003fc00000 s98008 r8192 d898 1048576
[    0.000000] PV qspinochah table entries: 256 (order: 0, 4096 btes
    0.000000] Built 1 zonelitsn ode orer, mobility grouping on.  Total pages: 257913
[    0.000000] Policy zone: DMA32
[    0.0000] Kenecommand line: BOTMAE=/boot/vminuz-4.4.0-3generi rot=UID=4f626-a84e-4f61-beea-3cf490c6e9e1 ro console=tty1 console=ttyS0
[    0.00000]PIhashtaleentres406 (order: 3, 3268yts)
  0.0000 Memory: 1002004K/1048120K available (8394K kernel code, 1282K rwdat, 394Kodata, 1480K init, 1292K bss, 46116K reserved, 0K cma-reserved)
[    .000000] SLUB: HWalignn=64, Order=0-3,Mibjcts=, Us2, Nde1
[  .00000Hierchal RCU implementation.
[    0.00000	Build-time adjustment of leaf fanout to 64.
[    0.000000] 	RCU restricting CPUs from NR_CPUS=256 to nr_cpu_ids=2.
[    0.000000] RCU: Adjusting geometry for rcu_fanout_leaf=64, nr_cpu_ids=2
[    0.000000] R_QS:16640 nrrq:40 16
[  000000] Console: colourVGA+ 80x25
[    0.000000] console [tty1] enabled
[    0.0000] console [ttyS0] enabled
[   00000] tsc: Detected 2808.004 MHz processor
[   11.051783] Calibrating delay loop (skipped) preset value.. 5616.00 BogoMIPS (lpj=11232016)
[   11.056019] pid_max: default: 32768 minimum: 301
[   11.066357] ACPI: Core revision 20150930
[   11.108779] ACPI: 2 ACPI AML tables successfully acquired and loaded
[   11.131068] Security Framework initialized
[   11.144419] Yama: becoming mindful.
[   11.151877] AppArmor: AppArmor initialized
[   11.153340] Dentry cache hash table entries: 131072 (order: 8, 1048576 bytes)
[   11.216744] Inode-cache hash table entries: 65536 (order: 7, 524288 bytes)
[   11.264932] Mount-cache hash table entries: 2048 (order: 2, 16384 bytes)
[   11.281083] Mountpoint-cache hash table entries: 2048 (order: 2, 16384 bytes)
[   11.334384] Initializing cgroup subsys io
[   11.352393] Initializing cgroup subsys memory
[   11.364579] Initializing cgroup subsys devices
[   11.413600] Initializing cgroup subsys freezer
[   11.414886] Initializing cgroup subsys net_cls
[   11.453812] Initializing cgroup subsys perf_event
[   11.458666] Initializing cgroup subsys net_prio
[   11.480188] Initializing cgroup subsys hugetlb
[   11.546636] Initializing cgroup subsys pids
[   11.553099] CPU: Physical Processor ID: 0
[   11.554388] CPU: Processor Core ID: 0
[   11.556524] mce: CPU supports 0 MCE banks
[   11.557711] Last level iTLB entries: 4KB 64, 2MB 8, 4MB 8
[   11.559223] Last level dTLB entries: 4KB 64, 2MB 0, 4MB 0, 1GB 4
[   11.618087] Freeing SMP alternatives memory: 28K (ffffffff820b4000 - ffffffff820bb000)
[   11.659826] ftrace: allocating 31996 entries in 125 pages
[   11.748557] smpboot: Max logical packages: 1
[   11.776308] smpboot: APIC(0) Converting physical 0 to logical package 0
[   11.814786] x2apic enabled
[   11.848926] Switched APIC routing to physical x2apic.
[   11.857927] ..TIMER: vector=0x30 apic1=0 pin1=2 apic2=-1 pin2=-1
[   12.003452] smpboot: CPU0: Intel(R) Core(TM) i7-6600U CPU @ 2.60GHz (family: 0x6, model: 0x4e, stepping: 0x3)
[   12.006418] Performance Events: unsupported p6 CPU model 78 no PMU driver, software events only.
[   12.010761] KVM setup paravirtual spinlock
[   12.017326] x86: Booting SMP configuration:
[   12.020640] .... node  #0, CPUs:      #1
[   12.021593] kvm-clock: cpu 1, msr 0:3ffe7041, secondary cpu clock
[   12.059466] mce: CPU supports 0 MCE banks
[   12.079999] x86: Booted up 1 node, 2 CPUs
[   12.094397] smpboot: Total of 2 processors activated (11232.01 BogoMIPS)
[   12.108510] devtmpfs: initialized
[   12.110495] evm: security.selinux
[   12.111113] evm: security.SMACK64
[   12.111964] evm: security.SMACK64EXEC
[   12.112776] evm: security.SMACK64TRANSMUTE
[   12.114291] evm: security.SMACK64MMAP
[   12.128142] evm: security.ima
[   12.128767] evm: security.capability
[   12.135715] clocksource: jiffies: mask: 0xffffffff max_cycles: 0xffffffff, max_idle_ns: 7645041785100000 ns
[   12.137826] pinctrl core: initialized pinctrl subsystem
[   12.138877] RTC time: 23:55:24, date: 09/17/16
[   12.149543] NET: Registered protocol family 16
[   12.171784] cpuidle: using governor ladder
[   12.183824] cpuidle: using governor menu
[   12.192591] PCCT header not found.
[   12.193473] ACPI: bus type PCI registered
[   12.194416] acpiphp: ACPI Hot Plug PCI Controller Driver version: 0.5
[   12.196344] PCI: Using configuration type 1 for base access
[   12.224304] ACPI: Added _OSI(Module Device)
[   12.249122] ACPI: Added _OSI(Processor Device)
[   12.253950] ACPI: Added _OSI(3.0 _SCP Extensions)
[   12.254802] ACPI: Added _OSI(Processor Aggregator Device)
[   12.256423] ACPI: Executed 1 blocks of module-level executable AML code
[   12.259491] ACPI: Interpreter enabled
[   12.260257] ACPI Exception: AE_NOT_FOUND, While evaluating Sleep State [\_S1_] (20150930/hwxface-580)
[   12.262019] ACPI Exception: AE_NOT_FOUND, While evaluating Sleep State [\_S2_] (20150930/hwxface-580)
[   12.295853] ACPI Exception: AE_NOT_FOUND, While evaluating Sleep State [\_S3_] (20150930/hwxface-580)
[   12.346748] ACPI Exception: AE_NOT_FOUND, While evaluating Sleep State [\_S4_] (20150930/hwxface-580)
[   12.353483] ACPI: (supports S0 S5)
[   12.367009] ACPI: Using IOAPIC for interrupt routing
[   12.380899] PCI: Using host bridge windows from ACPI; if necessary, use "pci=nocrs" and report a bug
[   12.456113] ACPI: PCI Root Bridge [PCI0] (domain 0000 [bus 00-ff])
[   12.496871] acpi PNP0A03:00: _OSC: OS supports [ASPM ClockPM Segments MSI]
[   12.528574] acpi PNP0A03:00: _OSC failed (AE_NOT_FOUND); disabling ASPM
[   12.548681] acpi PNP0A03:00: fail to add MMCONFIG information, can't access extended PCI configuration space under this bridge.
[   12.551003] PCI host bridge to bus 0000:00
[   12.551813] pci_bus 0000:00: root bus resource [io  0x0000-0x0cf7 window]
[   12.553038] pci_bus 0000:00: root bus resource [io  0x0d00-0xffff window]
[   12.556937] pci_bus 0000:00: root bus resource [mem 0x000a0000-0x000bffff window]
[   12.558417] pci_bus 0000:00: root bus resource [mem 0x40000000-0xffdfffff window]
[   12.559841] pci_bus 0000:00: root bus resource [bus 00-ff]
[   12.582168] pci 0000:00:01.1: legacy IDE quirk: reg 0x10: [io  0x01f0-0x01f7]
[   12.597751] pci 0000:00:01.1: legacy IDE quirk: reg 0x14: [io  0x03f6]
[   12.601142] pci 0000:00:01.1: legacy IDE quirk: reg 0x18: [io  0x0170-0x0177]
[   12.602356] pci 0000:00:01.1: legacy IDE quirk: reg 0x1c: [io  0x0376]
[   12.618736] pci 0000:00:07.0: quirk: [io  0x4000-0x403f] claimed by PIIX4 ACPI
[   12.631741] pci 0000:00:07.0: quirk: [io  0x4100-0x410f] claimed by PIIX4 SMB
[   12.656592] ACPI: PCI Interrupt Link [LNKA] (IRQs 5 9 10 *11)
[   12.665281] ACPI: PCI Interrupt Link [LNKB] (IRQs 5 9 10 *11)
[   12.667027] ACPI: PCI Interrupt Link [LNKC] (IRQs 5 9 *10 11)
[   12.671453] ACPI: PCI Interrupt Link [LNKD] (IRQs 5 *9 10 11)
[   12.677405] ACPI: Enabled 2 GPEs in block 00 to 07
[   12.678629] vgaarb: setting as boot device: PCI:0000:00:02.0
[   12.697485] vgaarb: device added: PCI:0000:00:02.0,decodes=io+mem,owns=io+mem,locks=none
[   12.714270] vgaarb: loaded
[   12.724032] vgaarb: bridge control possible 0000:00:02.0
[   12.725269] SCSI subsystem initialized
[   12.726175] ACPI: bus type USB registered
[   12.735652] usbcore: registered new interface driver usbfs
[   12.741261] usbcore: registered new interface driver hub
[   12.742323] usbcore: registered new device driver usb
[   12.743675] PCI: Using ACPI for IRQ routing
[   12.754546] NetLabel: Initializing
[   12.755279] NetLabel:  domain hash size = 128
[   12.756162] NetLabel:  protocols = UNLABELED CIPSOv4
[   12.776676] NetLabel:  unlabeled traffic allowed by default
[   12.777920] amd_nb: Cannot enumerate AMD northbridges
[   12.797354] clocksource: Switched to clocksource kvm-clock
[   12.831291] AppArmor: AppArmor Filesystem Enabled
[   12.839138] pnp: PnP ACP it
[ 12.915048] pnp: PnP ACPI: found 3 devices

[ 12753] clocksource: acpi_pm: mask: 0xffffff max_cycles: 0xffffff, max_idle_ns: 2085701024 ns
[  13.131801] NET: Registered protocol family 2

[   13.161758] TCP established hash table entries: 8192 (order: 4,5536 bytes)

[   13.219086] TCP bind hash table entries: 8192 (order: 5, 131072 bytes)
[   13.222460] TCP: Hash tables configured (established 8192 bind 8192)
[   13.223519] UDP hash table eri: 2 rd:  184yt)[   13.701900] UDP-Lite hash table entries: 512 (order: 2, 16384 bytes)
[   3.76] T:egted otolamily 1
[  14.230634] pci 0000:00:00.0: Limiting direct PCI/PC tnsrs[ 144434pc000000:0.0AcvangSAMAan wrkounds
[ 158260] Trying to unpack rootfs image as initramfs...

[   15.592913] Freeing initrd memory: 10636K (ffff880036b2a000 - ffff88003758d000)
[   15.655390] platform rtc_cmos: registered platform RTC device (no PNP device found)
[   15.659355] Scanning for low memory corruption every 60 seconds
[   15.663994] futex hash table entries: 512 (order: 3, 32768 bytes)
[   15.680970] audit: initializing netlink subsys (disabled)
[   15.699750] audit: type=2000 audit(1474156520.164:1): initialized
[   15.754709] Initialise system trusted keyring
[   15.756841] HugeTLB registered 2 MB page size, pre-allocated 0 pages
[   15.761780] zbud: loaded
[   15.762945] VFS: Disk quotas dquot_6.6.0
[   15.781673] VFS: Dquot-cache hash table entries: 512 (order 0, 4096 bytes)
[   15.814874] squashfs: version 4.0 (2009/01/31) Phillip Lougher
[   15.863379] fuse init (API version 7.23)
[   15.870279] Key type big_key registered
[   15.880016] Allocating IMA MOK and blacklist keyrings.
[   15.883252] Key type asymmetric registered
[   15.890253] Asymmetric key parser 'x509' registered
[   15.891190] Block layer SCSI generic (bsg) driver version 0.4 loaded (major 249)
[   15.901850] io scheduler noop registered
[   15.905936] io scheduler deadline registered (default)
[   15.906837] io scheduler cfq registered
[   15.907744] pci_hotplug: PCI Hot Plug PCI Core version: 0.5
[   15.908607] pciehp: PCI Express Hot Plug Controller Driver version: 0.4
[   15.909795] ACPI: AC Adapter [AC] (on-line)
[   15.912131] input: Power Button as /devices/LNXSYSTM:00/LNXPWRBN:00/input/input0
[   15.931421] ACPI: Power Button [PWRF]
[   15.959011] input: Sleep Button as /devices/LNXSYSTM:00/LNXSLPBN:00/input/input1
[   15.962133] ACPI: Sleep Button [SLPF]
[   15.964364] ACPI: Battery Slot [BAT0] (battery present)
[   15.972221] GHES: HEST is not enabled!
[   15.986761] Serial: 8250/16550 driver, 32 ports, IRQ sharing enabled
[   16.046539] 00:02: ttyS0 at I/O 0x3f8 (irq = 4, base_baud = 115200) is a 16550A
[   16.067708] Linux agpgart interface v0.103
[   16.093049] brd: module loaded
[   16.114053] loop: module loaded
[   16.147234] scsi host0: ata_piix
[   16.156904] scsi host1: ata_piix
[   16.159663] ata1: PATA max UDMA/33 cmd 0x1f0 ctl 0x3f6 bmdma 0xd000 irq 14
[   16.160855] ata2: PATA max UDMA/33 cmd 0x170 ctl 0x376 bmdma 0xd008 irq 15
[   16.163184] libphy: Fixed MDIO Bus: probed
[   16.165468] tun: Universal TUN/TAP device driver, 1.6
[   16.166763] tun: (C) 1999-2004 Max Krasnyansky <maxk@qualcomm.com>
[   16.178016] PPP generic driver version 2.4.2
[   16.180540] ehci_hcd: USB 2.0 'Enhanced' Host Controller (EHCI) Driver
[   16.217471] ehci-pci: EHCI PCI platform driver
[   16.220928] ehci-platform: EHCI generic platform driver
[   16.221899] ohci_hcd: USB 1.1 'Open' Host Controller (OHCI) Driver
[   16.226267] ohci-pci: OHCI PCI platform driver
[   16.227016] ohci-platform: OHCI generic platform driver
[   16.227858] uhci_hcd: USB Universal Host Controller Interface driver
[   16.229121] i8042: PNP: PS/2 Controller [PNP0303:PS2K,PNP0f03:PS2M] at 0x60,0x64 irq 1,12
[   16.231663] serio: i8042 KBD port at 0x60,0x64 irq 1
[   16.245372] serio: i8042 AUX port at 0x60,0x64 irq 12
[   16.255602] mousedev: PS/2 mouse device common for all mice
[   16.258867] rtc_cmos rtc_cmos: rtc core: registered rtc_cmos as rtc0
[   16.261894] rtc_cmos rtc_cmos: alarms up to one day, 114 bytes nvram
[   16.267758] i2c /dev entries driver
[   16.275329] device-mapper: uevent: version 1.0.3
[   16.297904] input: AT Translated Set 2 keyboard as /devices/platform/i8042/serio0/input/input2
[   16.317603] device-mapper: ioctl: 4.34.0-ioctl (2015-10-28) initialised: dm-devel@redhat.com
[   16.344211] ledtrig-cpu: registered to indicate activity on CPUs
[   16.359867] NET: Registered protocol family 10
[   16.375887] NET: Registered protocol family 17
[   16.402824] Key type dns_resolver registered
[   16.405415] microcode: CPU0 sig=0x406e3, pf=0x2, revision=0x0
[   16.406779] microcode: CPU1 sig=0x406e3, pf=0x2, revision=0x0
[   16.408641] microcode: Microcode Update Driver: v2.01 <tigran@aivazian.fsnet.co.uk>, Peter Oruba
[   16.410463] registered taskstats version 1
[   16.411153] Loading compiled-in X.509 certificates
[   16.414510] Loaded X.509 cert 'Build time autogenerated kernel key: 181cd957879f68b474ab1d0c92722cd44e756f77'
[   16.429851] zswap: loaded using pool lzo/zbud
[   16.434414] Key type trusted registered
[   16.448838] Key type encrypted registered
[   16.451274] AppArmor: AppArmor sha1 policy hashing enabled
[   16.454406] ima: No TPM chip found, activating TPM-bypass!
[   16.455435] evm: HMAC attrs: 0x1
[   16.457866]   Magic number: 0:628:959
[   16.458753] rtc_cmos rtc_cmos: setting system clock to 2016-09-17 23:55:28 UTC (1474156528)
[   16.466757] BIOS EDD facility v0.16 2004-Jun-25, 0 devices found
[   16.472871] EDD information not available.
[   16.475435] Freeing unused kernel memory: 1480K (ffffffff81f42000 - ffffffff820b4000)
[   16.488668] Write protecting the kernel read-only data: 14336k
[   16.490271] Freeing unused kernel memory: 1832K (ffff880001836000 - ffff880001a00000)
[   16.493206] Freeing unused kernel memory: 152K (ffff880001dda000 - ffff880001e00000)
Loading, please wait...
starting version 229
[   16.505608] random: systemd-udevd urandom read with 5 bits of entropy available
[   16.527816] Fusion MPT base driver 3.04.20
[   16.539273] Copyright (c) 1999-2008 LSI Corporation
[   16.561070] e1000: Intel(R) PRO/1000 Network Driver - version 7.3.21-k8-NAPI
[   16.571604] e1000: Copyright (c) 1999-2006 Intel Corporation.
[   16.576898] Fusion MPT SPI Host driver 3.04.20
[   16.653567] tsc: Refined TSC clocksource calibration: 2809.659 MHz
[   16.702071] clocksource: tsc: mask: 0xffffffffffffffff max_cycles: 0x287fe52675c, max_idle_ns: 440795208104 ns
[   16.719731] AVX version of gcm_enc/dec engaged.
[   16.726006] AES CTR mode by8 optimization enabled
[   16.824917] input: ImExPS/2 Generic Explorer Mouse as /devices/platform/i8042/serio1/input/input4
[   17.091572] e1000 0000:00:03.0 eth0: (PCI:33MHz:32-bit) 02:82:9e:07:08:84
[   17.108237] e1000 0000:00:03.0 eth0: Intel(R) PRO/1000 Network Connection
[   17.110155] mptbase: ioc0: Initiating bringup
[   17.112051] e1000 0000:00:03.0 enp0s3: renamed from eth0
[   17.192912] ioc0: LSI53C1030 A0: Capabilities={Initiator}
[   18.144783] scsi host2: ioc0: LSI53C1030 A0, FwRev=00000000h, Ports=1, MaxQ=256, IRQ=20
[   18.646525] scsi 2:0:0:0: Direct-Access     VBOX     HARDDISK         1.0  PQ: 0 ANSI: 5
[   18.667057] scsi target2:0:0: Beginning Domain Validation
[   18.668970] scsi target2:0:0: Domain Validation skipping write tests
[   18.703079] scsi target2:0:0: Ending Domain Validation
[   18.746200] scsi target2:0:0: asynchronous
[   18.778957] scsi 2:0:1:0: Direct-Access     VBOX     HARDDISK         1.0  PQ: 0 ANSI: 5
[   18.797406] scsi target2:0:1: Beginning Domain Validation
[   18.813904] scsi target2:0:1: Domain Validation skipping write tests
[   18.829719] scsi target2:0:1: Ending Domain Validation
[   18.846707] scsi target2:0:1: asynchronous
[   19.679443] floppy0: no floppy controllers found
[   19.687988] sd 2:0:0:0: Attached scsi generic sg0 type 0
[   19.707758] sd 2:0:0:0: [sda] 20971520 512-byte logical blocks: (10.7 GB/10.0 GiB)
[   19.719102] sd 2:0:1:0: Attached scsi generic sg1 type 0
[   19.726171] sd 2:0:0:0: [sda] Write Protect is off
[   19.726219] sd 2:0:1:0: [sdb] 20480 512-byte logical blocks: (10.5 MB/10.0 MiB)
[   19.726379] sd 2:0:1:0: [sdb] Write Protect is off
[   19.726465] sd 2:0:1:0: [sdb] Incomplete mode parameter data
[   19.726466] sd 2:0:1:0: [sdb] Assuming drive cache: write through
[   19.741566] sd 2:0:0:0: [sda] Incomplete mode parameter data
[   19.762412] sd 2:0:0:0: [sda] Assuming drive cache: write through
[   19.799585]  sda: sda1
[   20.119206] sd 2:0:0:0: [sda] Attached SCSI disk
[   20.153043] sd 2:0:1:0: [sdb] Attached SCSI disk
Begin: Loading e[   21.534408] md: linear personality registered for level -1
ssential drivers[   21.552668] md: multipath personality registered for level -4
 ... [   21.566104] md: raid0 personality registered for level 0
[   21.597768] md: raid1 personality registered for level 1
[   21.685395] raid6: sse2x1   gen()  7635 MB/s
[   21.781544] raid6: sse2x1   xor()  4869 MB/s
[   21.861704] raid6: sse2x2   gen()  8458 MB/s
[   21.945617] raid6: sse2x2   xor()  6112 MB/s
[   22.045699] raid6: sse2x4   gen() 10949 MB/s
[   22.125393] raid6: sse2x4   xor()  7198 MB/s
[   22.146315] raid6: using algorithm sse2x4 gen() 10949 MB/s
[   22.206739] raid6: .... xor() 7198 MB/s, rmw enabled
[   22.207692] raid6: using ssse3x2 recovery algorithm
[   22.210011] xor: automatically using best checksumming function:
[   22.257368]    avx       : 18381.000 MB/sec
[   22.265360] async_tx: api initialized (async)
[   22.283755] md: raid6 personality registered for level 6
[   22.345021] md: raid5 personality registered for level 5
[   22.354825] md: raid4 personality registered for level 4
[   22.364104] md: raid10 personality registered for level 10
done.
Begin: Running /scripts/init-premount ... done.
Begin: Mounting root file system ... Begin: Running /scripts/local-top ..[   22.441268] Btrfs loaded
. done.
Begin: Running /scripts/local-premount ... Scanning for Btrfs filesystems
done.
Warning: fsck no[   22.546287] EXT4-fs (sda1): INFO: recovery required on readonly filesystem
t present, so skipping root file system
[   22.569377] EXT4-fs (sda1): write access will be enabled during recovery
[   22.717203] EXT4-fs (sda1): orphan cleanup on readonly fs
[   22.733872] EXT4-fs (sda1): 1 orphan inode deleted
[   22.747079] EXT4-fs (sda1): recovery complete
[   22.771042] EXT4-fs (sda1): mounted filesystem with ordered data mode. Opts: (null)
done.
Begin: Running /scripts/local-bottom ... done.
Begin: Running /scripts/init-bottom ... Warning: overlayroot: debug is busted
done.
[   22.864972] systemd[1]: systemd 229 running in system mode. (+PAM +AUDIT +SELINUX +IMA +APPARMOR +SMACK +SYSVINIT +UTMP +LIBCRYPTSETUP +GCRYPT +GNUTLS +ACL +XZ -LZ4 +SECCOMP +BLKID +ELFUTILS +KMOD -IDN)
[   22.875759] systemd[1]: Detected virtualization oracle.
[   22.876736] systemd[1]: Detected architecture x86-64.

Welcome to [1mUbuntu 16.04.1 LTS[0m!

[   22.891656] systemd[1]: Set hostname to <repos>.
[   23.032585] systemd[1]: Listening on LVM2 poll daemon socket.
[[0;32m  OK  [0m] Listening on LVM2 poll daemon socket.
[   23.046690] systemd[1]: Listening on Syslog Socket.
[[0;32m  OK  [0m] Listening on Syslog Socket.
[   23.056614] systemd[1]: Listening on Journal Socket.
[[0;32m  OK  [0m] Listening on Journal Socket.
[   23.063922] systemd[1]: Started Forward Password Requests to Wall Directory Watch.
[[0;32m  OK  [0m] Started Forward Password Requests to Wall Directory Watch.
[   23.078139] systemd[1]: Reached target Encrypted Volumes.
[[0;32m  OK  [0m] Reached target Encrypted Volumes.
[   23.091963] systemd[1]: Set up automount Arbitrary Executable File Formats File System Automount Point.
[[0;32m  OK  [0m] Set up automount Arbitrary Executab...ats File System Automount Point.
[   23.117718] systemd[1]: Listening on LVM2 metadata daemon socket.
[[0;32m  OK  [0m] Listening on LVM2 metadata daemon socket.
[   23.135528] systemd[1]: Listening on Journal Audit Socket.
[[0;32m  OK  [0m] Listening on Journal Audit Socket.
[   23.173396] systemd[1]: Created slice System Slice.
[[0;32m  OK  [0m] Created slice System Slice.
[   23.233183] random: nonblocking pool is initialized
[   23.253761] systemd[1]: Mounting Huge Pages File System...
         Mounting Huge Pages File System...
[   23.282532] systemd[1]: Starting Create list of required static device nodes for the current kernel...
         Starting Create list of required st... nodes for the current kernel...
[   23.397528] systemd[1]: Mounting Debug File System...
         Mounting Debug File System...
[   23.466195] systemd[1]: Starting Remount Root and Kernel File Systems...
         Starting Remount Root and Kernel File Systems...
[   23.500308] systemd[1]: Starting Set console keymap...
[   23.511205] EXT4-fs (sda1): re-mounted. Opts: (null)
         Starting Set console keymap...
[   23.536476] systemd[1]: Starting Uncomplicated firewall...
         Starting Uncomplicated firewall...
[   23.568910] systemd[1]: Listening on udev Control Socket.
[[0;32m  OK  [0m] Listening on udev Control Socket.
[   23.572335] systemd[1]: Listening on Device-mapper event daemon FIFOs.
[[0;32m  OK  [0m] Listening on Device-mapper event daemon FIFOs.
[   23.583164] systemd[1]: Starting Load Kernel Modules...
[   23.500] adng iSCSI transport clasv2-8.          Starting Load Kernel Modules...
[   23.962945] iscsi: registered transport (tcp)
[   23.978499] systemd[1]: Created slice system-serial\x2dgetty.slice.
[[0;32m  OK  [0m] Created slic[   24.007562] iscsi: registered transport (iser)
e system-serial\x2dgetty.slice.
[   24.033833] systemd[1]: Starting Nameserver information manager...
         Starting Nameserver information manager...
[   24.060125] systemd[1]: Listening on /dev/initctl Compatibility Named Pipe.
[[0;32m  OK  [0m] Listening on /dev/initctl Compatibility Named Pipe.
[   24.089620] systemd[1]: Reached target Swap.
[[0;32m  OK  [0m] Reached target Swap.
[   24.097261] systemd[1]: Listening on Journal Socket (/dev/log).
[[0;32m  OK  [0m] Listening on Journal Socket (/dev/log).
[   24.133660] systemd[1]: Starting Journal Service...
         Starting Journal Service...
[   24.192292] systemd[1]: Starting Monitoring of LVM2 mirrors, snapshots etc. using dmeventd or progress polling...
         Starting Monitoring of LVM2 mirrors... dmeventd or progress polling...
[   24.277852] systemd[1]: Listening on udev Kernel Socket.
[[0;32m  OK  [0m] Listening on udev Kernel Socket.
[   24.322425] systemd[1]: Reached target User and Group Name Lookups.
[[0;32m  OK  [0m] Reached target User and Group Name Lookups.
[   24.370388] systemd[1]: Mounting POSIX Message Queue File System...
         Mounting POSIX Message Queue File System...
[   24.375848] systemd[1]: Created slice User and Session Slice.
[[0;32m  OK  [0m] Created slice User and Session Slice.
[   24.382440] systemd[1]: Reached target Slices.
[[0;32m  OK  [0m] Reached target Slices.
[   24.454310] systemd[1]: Mounted Debug File System.
[[0;32m  OK  [0m] Mounted Debug File System.
[   24.518288] systemd[1]: Mounted Huge Pages File System.
[[0;32m  OK  [0m] Mounted Huge Pages File System.
[   24.586436] systemd[1]: Mounted POSIX Message Queue File System.
[[0;32m  OK  [0m] Mounted POSIX Message Queue File System.
[   24.642653] systemd[1]: Started Journal Service.
[[0;32m  OK  [0m] Started Journal Service.
[[0;32m  OK  [0m] Started Create list of required sta...ce nodes for the current kernel.
[[0;32m  OK  [0m] Started Remount Root and Kernel File Systems.
[[0;32m  OK  [0m] Started Set console keymap.
[[0;32m  OK  [0m] Started Uncomplicated firewall.
[[0;32m  OK  [0m] Started Load Kernel Modules.
[[0;32m  OK  [0m] Started Nameserver information manager.
[[0;32m  OK  [0m] Started LVM2 metadata daemon.
         Starting Apply Kernel Variables...
         Mounting FUSE Control File System...
         Starting udev Coldplug all Devices...
         Starting Load/Save Random Seed...
         Starting Create Static Device Nodes in /dev...
         Starting Flush Journal to Persistent Storage...
[[0;32m  OK  [0m] Mounted FUSE Control File System.
[[0;32m  OK  [0m] Started Apply Kernel Variables.
[[0;32m  OK  [0m] Started Load/Save Random Seed.
[[0;32m  OK  [0m] Started Create Static Device Nodes in /dev.
[[0;32m  OK  [0m] Started udev Coldplug all Devices.
[[0;32m  OK  [0m] Started Flush Journal to Persistent Storage.
[[0;32m  OK  [0m] Started Monitoring of LVM2 mirrors,...ng dmeventd or progress polling.
         Starting udev Kernel Device Manager...
[[0;32m  OK  [0m] Started udev Kernel Device Manager.
[[0;32m  OK  [0m] Started Dispatch Password Requests to Console Directory Watch.
[[0;32m  OK  [0m] Reached target Local File Systems (Pre).
[[0;32m  OK  [0m] Reached target Local File Systems.
         Starting Create Volatile Files and Directories...
         Starting Set console font and keymap...
         Starting LSB: AppArmor initialization...
         Starting Tell Plymouth To Write Out Runtime Data...
         Starting Initial cloud-init job (pre-networking)...
[[0;32m  OK  [0m] Started Create Volatile Files and Directories.
[[0;32m  OK  [0m] Started Tell Plymouth To Write Out Runtime Data.
         Starting Update UTMP about System Boot/Shutdown...
[[0;32m  OK  [0m] Reached target System Time Synchronized.
[[0;32m  OK  [0m] Started Update UTMP about System Boot/Shutdown.
[[0;32m  OK  [0m] Started LSB: AppArmor initialization.
[[0;32m  OK  [0m] Reached target System Initialization.
[[0;32m  OK  [0m] Started Timer to automatically refresh installed snaps.
[[0;32m  OK  [0m] Started Daily apt activities.
         Starting LXD - unix socket.
[[0;32m  OK  [0m] Listening on D-Bus System Message Bus Socket.
[[0;32m  OK  [0m] Started Trigger resolvconf update for networkd DNS.
[[0;32m  OK  [0m] Listening on UUID daemon activation socket.
[[0;32m  OK  [0m] Started ACPI Events Check.
[[0;32m  OK  [0m] Reached target Paths.
[[0;32m  OK  [0m] Started Daily Cleanup of Temporary Directories.
[[0;32m  OK  [0m] Reached target Timers.
[[0;32m  OK  [0m] Listening on ACPID Listen Socket.
         Starting Socket activation for snappy daemon.
[[0;32m  OK  [0m] Started Set console font and keymap.
[[0;32m  OK  [0m] Listening on LXD - unix socket.
[[0;32m  OK  [0m] Listening on Socket activation for snappy daemon.
[[0;32m  OK  [0m] Found device /dev/ttyS0.
[[0;32m  OK  [0m] Reached target Sockets.
[[0;32m  OK  [0m] Reached target Basic System.
         Starting LSB: MD monitoring daemon...
[[0;32m  OK  [0m] Started FUSE filesystem for LXC.
         Starting Accounts Service...
         Starting System Logging Service...
         Starting Login Service...
         Starting LSB: Record successful boot for GRUB...
         Starting vboxadd-x11.service...
         Starting Daily apt activities...
[[0;32m  OK  [0m] Started ACPI event daemon.
[[0;32m  OK  [0m] Started Regular background program processing daemon.
[[0;32m  OK  [0m] Started Snappy daemon.
         Starting vboxadd.service...
[[0;32m  OK  [0m] Started Deferred execution scheduler.
[[0;32m  OK  [0m] Started D-Bus System Message Bus.
         Starting LXD - container startup/shutdown...
[[0;32m  OK  [0m] Created slice system-getty.slice.
[[0;32m  OK  [0m] Started System Logging Service.
[[0;32m  OK  [0m] Started vboxadd-x11.service.
[[0;32m  OK  [0m] Started LSB: MD monitoring daemon.
[[0;32m  OK  [0m] Started LXD - container startup/shutdown.
[[0;32m  OK  [0m] Started LSB: Record successful boot for GRUB.
[[0;32m  OK  [0m] Started Login Service.
         Starting Authenticate and Authorize Users to Run Privileged Tasks...
[[0;32m  OK  [0m] Listening on Load/Save RF Kill Switch Status /dev/rfkill Watch.
[[0;32m  OK  [0m] Started Authenticate and Authorize Users to Run Privileged Tasks.
[[0;32m  OK  [0m] Started Accounts Service.
[[0;32m  OK  [0m] Started Daily apt activities.
[[0;32m  OK  [0m] Started vboxadd.service.
         Starting vboxadd-service.service...
[   46.635004] cloud-init[1193]: Cloud-init v. 0.7.7 running 'init-local' at Sat, 17 Sep 2016 23:56:10 +0000. Up 46.37 seconds.
[[0;32m  OK  [0m] Started Initial cloud-init job (pre-networking).
[[0;32m  OK  [0m] Reached target Network (Pre).
         Starting Raise network interfaces...
[[0;32m  OK  [0m] Started ifup for enp0s3.
[[0;32m  OK  [0m] Started Raise network interfaces.
         Starting Initial cloud-init job (metadata service crawler)...
[[0;32m  OK  [0m] Reached target Network.
         Starting Automatically refresh installed snaps...
         Starting The PHP 7.0 FastCGI Process Manager...
[[0;32m  OK  [0m] Started The PHP 7.0 FastCGI Process Manager.
[   47.723412] cloud-init[2230]: Cloud-init v. 0.7.7 running 'init' at Sat, 17 Sep 2016 23:56:11 +0000. Up 47.43 seconds.
[   47.752307] cloud-init[2230]: ci-info: +++++++++++++++++++++++++++++++++++++Net device info+++++++++++++++++++++++++++++++++++++
[   47.761386] cloud-init[2230]: ci-info: +--------+------+---------------------------+---------------+-------+-------------------+
[   47.765745] cloud-init[2230]: ci-info: | Device |  Up  |          Address          |      Mask     | Scope |     Hw-Address    |
[   47.788382] cloud-init[2230]: ci-info: +--------+------+---------------------------+---------------+-------+-------------------+
[   47.794268] cloud-init[2230]: ci-info: | enp0s3 | True |         10.0.2.15         | 255.255.255.0 |   .   | 02:82:9e:07:08:84 |
[   47.817319] [cloud-init[0;32m  OK  [0m[2230]: ] ci-info: | enp0s3 | True | fe80::82:9eff:fe07:884/64 |       .       |  link | 02:82:9e:07:08:84 |Started Initial cloud-init job (metadata service crawler).

[   47.818570] cloud-init[2230]: ci-info: |   lo   | True |         127.0.0.1         |   255.0.0.0   |   .   |         .         |[[0;32m  OK  [0m] Reached target Cloud-config availability.
[[0;32m  OK  [0m] Reached target Network is Online.

         Starting iSCSI initiator daemon (iscsid)...
[   47.897235] cloud-init[2230]: ci-info: |   lo   | True |          ::1/128          |       .       |  host |         .         |
[   47.930694]          Starting /etc/rc.local Compatibility...
cloud-init[2230]: ci-info: +--------+------+---------------------------+---------------+-------+-------------------+
[   47.995801]          Starting OpenBSD Secure Shell server...
cloud-init[2230]: ci-info: +++++++++++++++++++++++++++Route IPv4 info++++++++++++++++++++++++++++
[   48.010176] cloud-init[2230]: ci-info: +-------+-------------+----------+---------------+-----------+-------+
         Starting Apply the settings specified in cloud-config...
[   48.013291] [cloud-init[0;32m  OK  [0m[2230]: ] ci-info: | Route | Destination | Gateway  |    Genmask    | Interface | Flags |Started OpenBSD Secure Shell server.

[   48.132582] [cloud-init[0;32m  OK  [0m[2230]: ] ci-info: +-------+-------------+----------+---------------+-----------+-------+Started /etc/rc.local Compatibility.

[[0;32m  OK  [0m] Started iSCSI initiator daemon (iscsid).
[   48.133047] cloud-init[2230]: ci-info: |   0   |   0.0.0.0   | 10.0.2.2 |    0.0.0.0    |   enp0s3  |   UG  |
[   48.200378] cloud-init[2230]: ci-info: |   1   |   10.0.2.0  | 0.0.0.0  | 255.255.255.0 |   enp0s3  |   U   |
[   48.217039] cloud-init[2230]: ci-info: +-------+-------------+----------+---------------+-----------+-------+
         Starting Login to default iSCSI targets...
[[0;32m  OK  [0m] Started Login to default iSCSI targets.
[[0;32m  OK  [0m] Reached target Remote File Systems (Pre).
[[0;32m  OK  [0m] Reached target Remote File Systems.
         Starting LSB: daemon to balance interrupts for SMP systems...
         Starting Permit User Sessions...
         Starting LSB: automatic crash report generation...
         Starting LSB: Set the CPU Frequency Scaling governor to "ondemand"...
[[0;32m  OK  [0m] Started Permit User Sessions.
[   48.500117] cloud-init[2304]: Cloud-init v. 0.7.7 running 'modules:config' at Sat, 17 Sep 2016 23:56:12 +0000. Up 48.37 seconds.
         Starting Hold until boot process finishes up...
         Starting Terminate Plymouth Boot Screen...
[[0;32m  OK  [0m] Started LSB: daemon to balance interrupts for SMP systems.
[[0;32m  OK  [0m] Started LSB: automatic crash report generation.
[[0;32m  OK  [0m] Started Apply the settings specified in cloud-config.
[[0;32m  OK  [0m] Started LSB: Set the CPU Frequency Scaling governor to "ondemand".
[[0;32m  OK  [0m] Started Hold until boot process finishes up.
[[0;32m  OK  [0m] Started Terminate Plymouth Boot Screen.
[[0;32m  OK  [0m] Started Serial Getty on ttyS0.
         Starting Set console scheme...
[[0;32m  OK  [0m] Started Getty on tty1.
[[0;32m  OK  [0m] Reached target Login Prompts.
         Starting Execute cloud user/final scripts...
[[0;32m  OK  [0m] Started Set console scheme.
[   49.105499] cloud-init[2384]: Cloud-init v. 0.7.7 running 'modules:final' at Sat, 17 Sep 2016 23:56:13 +0000. Up 48.97 seconds.
[   49.124800] cloud-init[2384]: Cloud-init v. 0.7.7 finished at Sat, 17 Sep 2016 23:56:13 +0000. Datasource DataSourceNoCloud [seed=/dev/sdb][dsmode=net].  Up 49.09 seconds
[[0;32m  OK  [0m] Started Execute cloud user/final scripts.
[[0;32m  OK  [0m] Reached target Cloud-init target.
[[0;32m  OK  [0m] Started Automatically refresh installed snaps.
[[0;32m  OK  [0m] Created slice User Slice of ubuntu.
         Starting User Manager for UID 1000...
[[0;32m  OK  [0m] Started User Manager for UID 1000.
[[0;32m  OK  [0m] Started Session 1 of user ubuntu.

Ubuntu 16.04.1 LTS repos ttyS0

repos login: 